{
    "clientVersion":"5.13.0",
    "code":"P2003",
    "level":"error",
    "meta":{"field_name":"Transaction_walletId_fkey (index)","modelName":"Transaction"},"name":"PrismaClientKnownRequestError","service":"user-service"
}
{"clientVersion":"5.13.0","code":"P2002","level":"error","meta":{"modelName":"Transaction","target":["id"]},"name":"PrismaClientKnownRequestError","service":"user-service"}
{"clientVersion":"5.13.0","code":"P2002","level":"error","meta":{"modelName":"Transaction","target":["id"]},"name":"PrismaClientKnownRequestError","service":"user-service"}
{"clientVersion":"5.13.0","code":"P2002","level":"error","meta":{"modelName":"Transaction","target":["id"]},"name":"PrismaClientKnownRequestError","service":"user-service"}
{"clientVersion":"5.13.0","code":"P2002","level":"error","meta":{"modelName":"User","target":["email"]},"name":"PrismaClientKnownRequestError","service":"user-service"}
{"clientVersion":"5.13.0","code":"P2002","level":"error","meta":{"modelName":"User","target":["email"]},"name":"PrismaClientKnownRequestError","service":"user-service"}
{"clientVersion":"5.13.0","code":"P2002","level":"error","meta":{"modelName":"User","target":["email"]},"name":"PrismaClientKnownRequestError","service":"user-service"}
{"clientVersion":"5.13.0","code":"P2002","level":"error","meta":{"modelName":"User","target":["email"]},"name":"PrismaClientKnownRequestError","service":"user-service"}
{"clientVersion":"5.13.0","code":"P2002","level":"error","meta":{"modelName":"User","target":["email"]},"name":"PrismaClientKnownRequestError","service":"user-service"}
{"clientVersion":"5.13.0","code":"P2003","level":"error","meta":{"field_name":"Transaction_categoryId_fkey (index)","modelName":"Transaction"},"name":"PrismaClientKnownRequestError","service":"user-service"}
{"clientVersion":"5.13.0","code":"P2003","level":"error","meta":{"field_name":"Transaction_walletId_fkey (index)","modelName":"Transaction"},"name":"PrismaClientKnownRequestError","service":"user-service"}
{"clientVersion":"5.13.0","code":"P2003","level":"error","meta":{"field_name":"Transaction_categoryId_fkey (index)","modelName":"Transaction"},"name":"PrismaClientKnownRequestError","service":"user-service"}
{"clientVersion":"5.13.0","code":"P2003","level":"error","meta":{"field_name":"Transaction_walletId_fkey (index)","modelName":"Transaction"},"name":"PrismaClientKnownRequestError","service":"user-service"}
{"clientVersion":"5.13.0","code":"P2003","level":"error","meta":{"field_name":"Transaction_categoryId_fkey (index)","modelName":"Transaction"},"name":"PrismaClientKnownRequestError","service":"user-service"}
{"clientVersion":"5.13.0","code":"P2003","level":"error","meta":{"field_name":"Transaction_categoryId_fkey (index)","modelName":"Transaction"},"name":"PrismaClientKnownRequestError","service":"user-service"}
{"clientVersion":"5.13.0","code":"P2003","level":"error","meta":{"field_name":"Budget_walletId_fkey (index)","modelName":"Budget"},"name":"PrismaClientKnownRequestError","service":"user-service"}
{"clientVersion":"5.13.0","code":"P2003","level":"error","meta":{"field_name":"Budget_walletId_fkey (index)","modelName":"Budget"},"name":"PrismaClientKnownRequestError","service":"user-service"}
{"clientVersion":"5.13.0","code":"P2003","level":"error","meta":{"field_name":"Budget_walletId_fkey (index)","modelName":"Budget"},"name":"PrismaClientKnownRequestError","service":"user-service"}
{"clientVersion":"5.13.0","code":"P2003","level":"error","meta":{"field_name":"Budget_walletId_fkey (index)","modelName":"Budget"},"name":"PrismaClientKnownRequestError","service":"user-service"}
{"clientVersion":"5.13.0","code":"P2003","level":"error","meta":{"field_name":"Budget_walletId_fkey (index)","modelName":"Budget"},"name":"PrismaClientKnownRequestError","service":"user-service"}
{"clientVersion":"5.13.0","code":"P2002","level":"error","meta":{"modelName":"Transaction","target":["id"]},"name":"PrismaClientKnownRequestError","service":"user-service"}
{"clientVersion":"5.13.0","code":"P2002","level":"error","meta":{"modelName":"Transaction","target":["id"]},"name":"PrismaClientKnownRequestError","service":"user-service"}
{"clientVersion":"5.13.0","code":"P2002","level":"error","meta":{"modelName":"Transaction","target":["id"]},"name":"PrismaClientKnownRequestError","service":"user-service"}
{"clientVersion":"5.13.0","code":"P2002","level":"error","meta":{"modelName":"Transaction","target":["id"]},"name":"PrismaClientKnownRequestError","service":"user-service"}
{"clientVersion":"5.13.0","code":"P2002","level":"error","meta":{"modelName":"Transaction","target":["id"]},"name":"PrismaClientKnownRequestError","service":"user-service"}
{"clientVersion":"5.13.0","code":"P2002","level":"error","meta":{"modelName":"Transaction","target":["id"]},"name":"PrismaClientKnownRequestError","service":"user-service"}
{"clientVersion":"5.13.0","code":"P2002","level":"error","meta":{"modelName":"Transaction","target":["id"]},"name":"PrismaClientKnownRequestError","service":"user-service"}
{"clientVersion":"5.13.0","code":"P2002","level":"error","meta":{"modelName":"Transaction","target":["id"]},"name":"PrismaClientKnownRequestError","service":"user-service"}
{"clientVersion":"5.13.0","code":"P2002","level":"error","meta":{"modelName":"Transaction","target":["id"]},"name":"PrismaClientKnownRequestError","service":"user-service"}
{"clientVersion":"5.13.0","code":"P2002","level":"error","meta":{"modelName":"Transaction","target":["id"]},"name":"PrismaClientKnownRequestError","service":"user-service"}
{"clientVersion":"5.13.0","code":"P2002","level":"error","meta":{"modelName":"Transaction","target":["id"]},"name":"PrismaClientKnownRequestError","service":"user-service"}
{"clientVersion":"5.13.0","code":"P2002","level":"error","meta":{"modelName":"Transaction","target":["id"]},"name":"PrismaClientKnownRequestError","service":"user-service"}
{"clientVersion":"5.13.0","code":"P2002","level":"error","meta":{"modelName":"Transaction","target":["id"]},"name":"PrismaClientKnownRequestError","service":"user-service"}
{"clientVersion":"5.13.0","code":"P2002","level":"error","meta":{"modelName":"Transaction","target":["id"]},"name":"PrismaClientKnownRequestError","service":"user-service"}
{"clientVersion":"5.13.0","code":"P2002","level":"error","meta":{"modelName":"Transaction","target":["id"]},"name":"PrismaClientKnownRequestError","service":"user-service"}
{"clientVersion":"5.13.0","code":"P2002","level":"error","meta":{"modelName":"Transaction","target":["id"]},"name":"PrismaClientKnownRequestError","service":"user-service"}
{"clientVersion":"5.13.0","code":"P2002","level":"error","meta":{"modelName":"Transaction","target":["id"]},"name":"PrismaClientKnownRequestError","service":"user-service"}
{"clientVersion":"5.13.0","code":"P2002","level":"error","meta":{"modelName":"Transaction","target":["id"]},"name":"PrismaClientKnownRequestError","service":"user-service"}
{"clientVersion":"5.13.0","code":"P2002","level":"error","meta":{"modelName":"Transaction","target":["id"]},"name":"PrismaClientKnownRequestError","service":"user-service"}
{"clientVersion":"5.13.0","code":"P2002","level":"error","meta":{"modelName":"Transaction","target":["id"]},"name":"PrismaClientKnownRequestError","service":"user-service"}
{"clientVersion":"5.13.0","code":"P2002","level":"error","meta":{"modelName":"Transaction","target":["id"]},"name":"PrismaClientKnownRequestError","service":"user-service"}
{"clientVersion":"5.13.0","code":"P2002","level":"error","meta":{"modelName":"Transaction","target":["id"]},"name":"PrismaClientKnownRequestError","service":"user-service"}
{"clientVersion":"5.13.0","code":"P2002","level":"error","meta":{"modelName":"Transaction","target":["id"]},"name":"PrismaClientKnownRequestError","service":"user-service"}
{"clientVersion":"5.13.0","code":"P2002","level":"error","meta":{"modelName":"Transaction","target":["id"]},"name":"PrismaClientKnownRequestError","service":"user-service"}
{"clientVersion":"5.13.0","code":"P2002","level":"error","meta":{"modelName":"Transaction","target":["id"]},"name":"PrismaClientKnownRequestError","service":"user-service"}
{"clientVersion":"5.13.0","code":"P2002","level":"error","meta":{"modelName":"Transaction","target":["id"]},"name":"PrismaClientKnownRequestError","service":"user-service"}
{"clientVersion":"5.13.0","code":"P2002","level":"error","meta":{"modelName":"Transaction","target":["id"]},"name":"PrismaClientKnownRequestError","service":"user-service"}
{"clientVersion":"5.13.0","code":"P1001","level":"error","meta":{"database_host":"localhost","database_port":5432,"modelName":"Budget"},"name":"PrismaClientKnownRequestError","service":"user-service"}
{"clientVersion":"5.13.0","code":"P1001","level":"error","meta":{"database_host":"localhost","database_port":5432,"modelName":"Wallet"},"name":"PrismaClientKnownRequestError","service":"user-service"}
{"clientVersion":"5.19.1","code":"P2002","level":"error","meta":{"modelName":"Wallet","target":["id"]},"name":"PrismaClientKnownRequestError","service":"user-service"}
